<?xml version="1.0" encoding="UTF-8"?>
<!-- Generated by org.testng.reporters.JUnitReportReporter -->
<testsuite hostname="AKM_Laptop" failures="0" tests="3" name="com.Tutorialsninja.qa.TestCases.SearchProductTest" time="11.152" errors="0" timestamp="2024-01-26T14:13:13 EST" skipped="0">
  <testcase classname="com.Tutorialsninja.qa.TestCases.SearchProductTest" name="verifyValidProduct" time="3.592"/>
  <testcase classname="com.Tutorialsninja.qa.TestCases.SearchProductTest" name="verifyInvalidProduct" time="4.028"/>
  <testcase classname="com.Tutorialsninja.qa.TestCases.SearchProductTest" name="verifyNoProduct" time="3.532"/>
</testsuite> <!-- com.Tutorialsninja.qa.TestCases.SearchProductTest -->
