<?xml version="1.0" encoding="UTF-8"?>
<!-- Generated by org.testng.reporters.JUnitReportReporter -->
<testsuite hostname="AKM_Laptop" failures="0" tests="3" name="com.Tutorialsninja.qa.TestCases.RegisterTest" time="14.836" errors="0" timestamp="2024-01-26T14:13:13 EST" skipped="0">
  <testcase classname="com.Tutorialsninja.qa.TestCases.RegisterTest" name="verifyRegisterWithMandatoryFields" time="4.701"/>
  <testcase classname="com.Tutorialsninja.qa.TestCases.RegisterTest" name="verifyRegisterWithAllFields" time="5.251"/>
  <testcase classname="com.Tutorialsninja.qa.TestCases.RegisterTest" name="verifyRegisterWithExistingEmail" time="4.884"/>
</testsuite> <!-- com.Tutorialsninja.qa.TestCases.RegisterTest -->
