<?xml version="1.0" encoding="UTF-8"?>
<!-- Generated by org.testng.reporters.JUnitReportReporter -->
<testsuite hostname="AKM_Laptop" failures="0" tests="5" name="com.Tutorialsninja.qa.TestCases.LoginTest" time="20.767" errors="0" timestamp="2024-01-26T14:13:13 EST" skipped="0">
  <testcase classname="com.Tutorialsninja.qa.TestCases.LoginTest" name="verifyLoginWithValidCredentials" time="4.367"/>
  <testcase classname="com.Tutorialsninja.qa.TestCases.LoginTest" name="verifyLoginWithInvalidEmailValidPassword" time="4.194"/>
  <testcase classname="com.Tutorialsninja.qa.TestCases.LoginTest" name="verifyLoginWithValidEmailInvalidPassword" time="4.374"/>
  <testcase classname="com.Tutorialsninja.qa.TestCases.LoginTest" name="verifyLoginWithInvalidCredentials" time="4.016"/>
  <testcase classname="com.Tutorialsninja.qa.TestCases.LoginTest" name="verifyLoginWithNoCredentials" time="3.816"/>
</testsuite> <!-- com.Tutorialsninja.qa.TestCases.LoginTest -->
