<?xml version="1.0" encoding="UTF-8"?>
<!-- Generated by org.testng.reporters.JUnitReportReporter -->
<testsuite hostname="AKM_Laptop" failures="0" tests="1" name="com.Tutorialsninja.qa.TestCases.AddToCartTest" time="13.255" errors="0" timestamp="2024-01-26T14:13:13 EST" skipped="0">
  <testcase classname="com.Tutorialsninja.qa.TestCases.AddToCartTest" name="testCase1" time="13.255"/>
</testsuite> <!-- com.Tutorialsninja.qa.TestCases.AddToCartTest -->
