<?xml version="1.0" encoding="UTF-8"?>
<!-- Generated by org.testng.reporters.JUnitReportReporter -->
<testsuite hostname="AKM_Laptop" failures="0" tests="1" name="com.tutorialninjas.qa.TestCases.SearchProductTest" time="5.578" errors="0" timestamp="2024-02-06T18:24:14 EST" skipped="0">
  <testcase classname="com.tutorialninjas.qa.TestCases.SearchProductTest" name="verifyValidProduct" time="5.578"/>
</testsuite> <!-- com.tutorialninjas.qa.TestCases.SearchProductTest -->
