<?xml version="1.0" encoding="UTF-8"?>
<!-- Generated by org.testng.reporters.JUnitReportReporter -->
<testsuite hostname="AKM_Laptop" failures="0" tests="1" name="com.tutorialninjas.qa.TestCases.AddToCartTest" time="14.796" errors="0" timestamp="2024-02-06T18:26:01 EST" skipped="0">
  <testcase classname="com.tutorialninjas.qa.TestCases.AddToCartTest" name="testCase1" time="14.796"/>
</testsuite> <!-- com.tutorialninjas.qa.TestCases.AddToCartTest -->
